<?xml version="1.0" encoding="UTF-8"?>
<!-- Generated by org.testng.reporters.JUnitReportReporter -->
<testsuite hostname="LAPTOP-2Q9A1CVU" failures="0" tests="1" name="com.actitime.login.ActiLogin" time="0.014" errors="0" timestamp="2020-08-11T16:33:53 IST" skipped="0">
  <testcase classname="com.actitime.login.ActiLogin" name="run" time="0.014"/>
  <system-out>
Hi Hello Hi Hello Hi Hello  </system-out>
</testsuite> <!-- com.actitime.login.ActiLogin -->
